<?xml version="1.0" encoding="UTF-8"?>
<!-- Generated by org.testng.reporters.JUnitXMLReporter -->
<testsuite hostname="DESKTOP-42M9JTP" name="Test" tests="3" failures="0" timestamp="2 Oct 2020 01:11:57 GMT" time="55.863" errors="0">
  <testcase name="runScenario" time="26.602" classname="testRunner.RunTesterClass"/>
  <testcase name="runScenario" time="14.097" classname="testRunner.RunTesterClass"/>
  <testcase name="runScenario" time="13.605" classname="testRunner.RunTesterClass"/>
</testsuite> <!-- Test -->
