<?xml version="1.0" encoding="UTF-8"?>
<!-- Generated by org.testng.reporters.JUnitXMLReporter -->
<testsuite hostname="DESKTOP-42M9JTP" name="Test" tests="3" failures="0" timestamp="30 Sep 2020 15:47:06 GMT" time="50.873" errors="0">
  <testcase name="runScenario" time="16.294" classname="testRunner.RunTesterClass"/>
  <testcase name="runScenario" time="15.014" classname="testRunner.RunTesterClass"/>
  <testcase name="runScenario" time="18.76" classname="testRunner.RunTesterClass"/>
</testsuite> <!-- Test -->
