<?xml version="1.0" encoding="UTF-8"?>
<testng-results skipped="0" failed="0" total="3" passed="3">
  <reporter-output>
  </reporter-output>
  <suite name="Suite" duration-ms="55863" started-at="2020-10-02T01:11:02Z" finished-at="2020-10-02T01:11:57Z">
    <groups>
      <group name="cucumber">
        <method signature="AbstractTestNGCucumberTests.runScenario(io.cucumber.testng.PickleWrapper, io.cucumber.testng.FeatureWrapper)[pri:0, instance:testRunner.RunTesterClass@1b956cfa]" name="runScenario" class="io.cucumber.testng.AbstractTestNGCucumberTests"/>
      </group> <!-- cucumber -->
    </groups>
    <test name="Test" duration-ms="55863" started-at="2020-10-02T01:11:02Z" finished-at="2020-10-02T01:11:57Z">
      <class name="testRunner.RunTesterClass">
        <test-method status="PASS" signature="setUpClass()[pri:0, instance:testRunner.RunTesterClass@1b956cfa]" name="setUpClass" is-config="true" duration-ms="1216" started-at="2020-10-02T06:41:02Z" finished-at="2020-10-02T06:41:03Z">
          <reporter-output>
          </reporter-output>
        </test-method> <!-- setUpClass -->
        <test-method status="PASS" signature="runScenario(io.cucumber.testng.PickleWrapper, io.cucumber.testng.FeatureWrapper)[pri:0, instance:testRunner.RunTesterClass@1b956cfa]" name="runScenario" duration-ms="26602" started-at="2020-10-02T06:41:03Z" description="Runs Cucumber Scenarios" data-provider="scenarios" finished-at="2020-10-02T06:41:29Z">
          <params>
            <param index="0">
              <value>
                <![CDATA["Comparing City from UI with City received from Service with provided variance"]]>
              </value>
            </param>
            <param index="1">
              <value>
                <![CDATA["Compare Data received from UI and response received from Service"]]>
              </value>
            </param>
          </params>
          <reporter-output>
          </reporter-output>
        </test-method> <!-- runScenario -->
        <test-method status="PASS" signature="runScenario(io.cucumber.testng.PickleWrapper, io.cucumber.testng.FeatureWrapper)[pri:0, instance:testRunner.RunTesterClass@1b956cfa]" name="runScenario" duration-ms="14097" started-at="2020-10-02T06:41:29Z" description="Runs Cucumber Scenarios" data-provider="scenarios" finished-at="2020-10-02T06:41:44Z">
          <params>
            <param index="0">
              <value>
                <![CDATA["Comparing City from UI with City received from Service with provided variance"]]>
              </value>
            </param>
            <param index="1">
              <value>
                <![CDATA["Compare Data received from UI and response received from Service"]]>
              </value>
            </param>
          </params>
          <reporter-output>
          </reporter-output>
        </test-method> <!-- runScenario -->
        <test-method status="PASS" signature="runScenario(io.cucumber.testng.PickleWrapper, io.cucumber.testng.FeatureWrapper)[pri:0, instance:testRunner.RunTesterClass@1b956cfa]" name="runScenario" duration-ms="13605" started-at="2020-10-02T06:41:44Z" description="Runs Cucumber Scenarios" data-provider="scenarios" finished-at="2020-10-02T06:41:57Z">
          <params>
            <param index="0">
              <value>
                <![CDATA["Comparing City from UI with City received from Service with provided variance"]]>
              </value>
            </param>
            <param index="1">
              <value>
                <![CDATA["Compare Data received from UI and response received from Service"]]>
              </value>
            </param>
          </params>
          <reporter-output>
          </reporter-output>
        </test-method> <!-- runScenario -->
        <test-method status="PASS" signature="tearDownClass()[pri:0, instance:testRunner.RunTesterClass@1b956cfa]" name="tearDownClass" is-config="true" duration-ms="271" started-at="2020-10-02T06:41:57Z" finished-at="2020-10-02T06:41:57Z">
          <reporter-output>
          </reporter-output>
        </test-method> <!-- tearDownClass -->
      </class> <!-- testRunner.RunTesterClass -->
    </test> <!-- Test -->
  </suite> <!-- Suite -->
</testng-results>
