<?xml version="1.0" encoding="UTF-8"?>
<!-- Generated by org.testng.reporters.JUnitReportReporter -->
<testsuite hostname="DESKTOP-42M9JTP" name="testRunner.RunTesterClass" tests="14" failures="1" timestamp="2 Oct 2020 06:52:07 GMT" time="290.754" errors="0">
  <testcase name="runScenario" time="18.464" classname="testRunner.RunTesterClass"/>
  <testcase name="runScenario" time="25.011" classname="testRunner.RunTesterClass"/>
  <testcase name="runScenario" time="17.943" classname="testRunner.RunTesterClass"/>
  <testcase name="runScenario" time="32.602" classname="testRunner.RunTesterClass"/>
  <testcase name="runScenario" time="16.497" classname="testRunner.RunTesterClass">
    <failure type="java.lang.AssertionError" message="Weather condition is not matching Expected is [CLOUDS]  Actual is Mostly Cloudy  expected [true] but found [false]">
      <![CDATA[java.lang.AssertionError: Weather condition is not matching Expected is [CLOUDS]  Actual is Mostly Cloudy  expected [true] but found [false]
	at org.testng.Assert.fail(Assert.java:94)
	at org.testng.Assert.failNotEquals(Assert.java:513)
	at org.testng.Assert.assertTrue(Assert.java:42)
	at stepDefinitions.ComparatorUIandServiceStepDef.verify_if_the_weather_condition_retrived_from_UI_and_Service_is_matching(ComparatorUIandServiceStepDef.java:95)
	at ✽.verify if the weather condition retrived from UI and Service is matching(file:///C:/Bench/WeatherReportingComparator/src/test/java/features/ComparatorUIandService.feature:56)
]]>
    </failure>
  </testcase> <!-- runScenario -->
  <testcase name="runScenario" time="20.268" classname="testRunner.RunTesterClass"/>
  <testcase name="runScenario" time="27.181" classname="testRunner.RunTesterClass"/>
  <testcase name="runScenario" time="22.730" classname="testRunner.RunTesterClass"/>
  <testcase name="runScenario" time="15.236" classname="testRunner.RunTesterClass"/>
  <testcase name="runScenario" time="18.575" classname="testRunner.RunTesterClass"/>
  <testcase name="runScenario" time="18.882" classname="testRunner.RunTesterClass"/>
  <testcase name="runScenario" time="18.869" classname="testRunner.RunTesterClass"/>
  <testcase name="runScenario" time="17.609" classname="testRunner.RunTesterClass"/>
  <testcase name="runScenario" time="20.887" classname="testRunner.RunTesterClass"/>
</testsuite> <!-- testRunner.RunTesterClass -->
